2019-07-20 14:50:31,561 DEBUG - 32.492ms,make_request:getClientVersion,sendbyts:72
2019-07-20 14:50:31,561 DEBUG - 32.924ms,commonrequest:getClientVersion:DONE
2019-07-20 14:55:22,448 DEBUG - 26.580ms,make_request:call,sendbyts:394
2019-07-20 14:55:22,448 DEBUG - 26.819ms,commonrequest:call:DONE
2019-07-20 14:57:36,455 DEBUG - 24.161ms,make_request:getBlockNumber,sendbyts:70
2019-07-20 14:57:36,455 DEBUG - 24.493ms,commonrequest:getBlockNumber:DONE
2019-07-20 14:57:36,481 DEBUG - 13.467ms,make_request:sendRawTransaction,sendbyts:766
2019-07-20 14:57:36,481 DEBUG - 13.663ms,commonrequest:sendRawTransaction:DONE
2019-07-20 14:57:36,494 DEBUG - 12.807ms,make_request:getTransactionReceipt,sendbyts:147
2019-07-20 14:57:36,494 DEBUG - 13.107ms,commonrequest:getTransactionReceipt:DONE
2019-07-20 14:57:36,494 DEBUG - 1253.889ms,sendRawTransactionGetReceipt,DONE
2019-07-20 14:57:36,510 DEBUG - 14.623ms,make_request:getTransactionByHash,sendbyts:146
2019-07-20 14:57:36,510 DEBUG - 15.134ms,commonrequest:getTransactionByHash:DONE
2019-07-20 15:55:18,867 DEBUG - 34.726ms,make_request:call,sendbyts:394
2019-07-20 15:55:18,867 DEBUG - 35.118ms,commonrequest:call:DONE
2019-07-20 18:27:29,041 DEBUG - 63.769ms,make_request:getClientVersion,sendbyts:72
2019-07-20 18:27:29,042 DEBUG - 64.296ms,commonrequest:getClientVersion:DONE
2019-07-20 18:42:18,847 DEBUG - 70.287ms,make_request:getBlockNumber,sendbyts:70
2019-07-20 18:42:18,848 DEBUG - 70.915ms,commonrequest:getBlockNumber:DONE
2019-07-20 18:42:18,883 DEBUG - 20.452ms,make_request:sendRawTransaction,sendbyts:1280
2019-07-20 18:42:18,883 DEBUG - 20.828ms,commonrequest:sendRawTransaction:DONE
2019-07-20 18:42:18,903 DEBUG - 19.924ms,make_request:getTransactionReceipt,sendbyts:147
2019-07-20 18:42:18,903 DEBUG - 20.197ms,commonrequest:getTransactionReceipt:DONE
2019-07-20 18:42:19,947 DEBUG - 42.621ms,make_request:getTransactionReceipt,sendbyts:147
2019-07-20 18:42:19,947 DEBUG - 43.003ms,commonrequest:getTransactionReceipt:DONE
2019-07-20 18:42:19,947 DEBUG - 2514.933ms,sendRawTransactionGetReceipt,DONE
2019-07-20 18:42:19,966 DEBUG - 18.760ms,make_request:getTransactionByHash,sendbyts:146
2019-07-20 18:42:19,967 DEBUG - 19.223ms,commonrequest:getTransactionByHash:DONE
2019-07-20 18:43:02,278 DEBUG - 30.263ms,make_request:getBlockNumber,sendbyts:70
2019-07-20 18:43:02,279 DEBUG - 30.535ms,commonrequest:getBlockNumber:DONE
2019-07-20 18:43:02,302 DEBUG - 15.757ms,make_request:sendRawTransaction,sendbyts:1280
2019-07-20 18:43:02,302 DEBUG - 15.946ms,commonrequest:sendRawTransaction:DONE
2019-07-20 18:43:02,317 DEBUG - 15.513ms,make_request:getTransactionReceipt,sendbyts:147
2019-07-20 18:43:02,318 DEBUG - 15.769ms,commonrequest:getTransactionReceipt:DONE
2019-07-20 18:43:02,318 DEBUG - 1401.804ms,sendRawTransactionGetReceipt,DONE
2019-07-20 18:43:02,347 DEBUG - 28.800ms,make_request:getTransactionByHash,sendbyts:146
2019-07-20 18:43:02,347 DEBUG - 29.032ms,commonrequest:getTransactionByHash:DONE
2019-07-20 18:45:13,457 DEBUG - 69.763ms,make_request:getBlockNumber,sendbyts:70
2019-07-20 18:45:13,457 DEBUG - 70.128ms,commonrequest:getBlockNumber:DONE
2019-07-20 18:45:13,494 DEBUG - 20.703ms,make_request:sendRawTransaction,sendbyts:1280
2019-07-20 18:45:13,494 DEBUG - 21.133ms,commonrequest:sendRawTransaction:DONE
2019-07-20 18:45:13,513 DEBUG - 18.851ms,make_request:getTransactionReceipt,sendbyts:147
2019-07-20 18:45:13,513 DEBUG - 19.137ms,commonrequest:getTransactionReceipt:DONE
2019-07-20 18:45:14,535 DEBUG - 20.737ms,make_request:getTransactionReceipt,sendbyts:147
2019-07-20 18:45:14,536 DEBUG - 21.123ms,commonrequest:getTransactionReceipt:DONE
2019-07-20 18:45:14,536 DEBUG - 2366.323ms,sendRawTransactionGetReceipt,DONE
2019-07-20 18:45:14,558 DEBUG - 21.807ms,make_request:getTransactionByHash,sendbyts:146
2019-07-20 18:45:14,558 DEBUG - 22.161ms,commonrequest:getTransactionByHash:DONE
2019-07-20 18:46:57,635 DEBUG - 31.769ms,make_request:getBlockNumber,sendbyts:70
2019-07-20 18:46:57,635 DEBUG - 31.982ms,commonrequest:getBlockNumber:DONE
2019-07-20 18:46:57,659 DEBUG - 16.757ms,make_request:sendRawTransaction,sendbyts:1280
2019-07-20 18:46:57,659 DEBUG - 16.937ms,commonrequest:sendRawTransaction:DONE
2019-07-20 18:46:57,676 DEBUG - 16.681ms,make_request:getTransactionReceipt,sendbyts:147
2019-07-20 18:46:57,676 DEBUG - 16.914ms,commonrequest:getTransactionReceipt:DONE
2019-07-20 18:46:57,676 DEBUG - 1256.669ms,sendRawTransactionGetReceipt,DONE
2019-07-20 18:46:57,693 DEBUG - 16.512ms,make_request:getTransactionByHash,sendbyts:146
2019-07-20 18:46:57,693 DEBUG - 16.720ms,commonrequest:getTransactionByHash:DONE
2019-07-20 18:48:09,052 DEBUG - 30.317ms,make_request:getBlockNumber,sendbyts:70
2019-07-20 18:48:09,052 DEBUG - 30.535ms,commonrequest:getBlockNumber:DONE
2019-07-20 18:48:09,073 DEBUG - 14.354ms,make_request:sendRawTransaction,sendbyts:1280
2019-07-20 18:48:09,073 DEBUG - 14.549ms,commonrequest:sendRawTransaction:DONE
2019-07-20 18:48:09,087 DEBUG - 13.884ms,make_request:getTransactionReceipt,sendbyts:147
2019-07-20 18:48:09,087 DEBUG - 14.153ms,commonrequest:getTransactionReceipt:DONE
2019-07-20 18:48:10,104 DEBUG - 15.546ms,make_request:getTransactionReceipt,sendbyts:147
2019-07-20 18:48:10,104 DEBUG - 15.948ms,commonrequest:getTransactionReceipt:DONE
2019-07-20 18:48:10,104 DEBUG - 2331.829ms,sendRawTransactionGetReceipt,DONE
2019-07-20 18:48:10,120 DEBUG - 15.057ms,make_request:getTransactionByHash,sendbyts:146
2019-07-20 18:48:10,120 DEBUG - 15.420ms,commonrequest:getTransactionByHash:DONE
2019-07-20 18:49:27,047 DEBUG - 32.096ms,make_request:getBlockNumber,sendbyts:70
2019-07-20 18:49:27,047 DEBUG - 32.317ms,commonrequest:getBlockNumber:DONE
2019-07-20 18:49:27,073 DEBUG - 17.239ms,make_request:sendRawTransaction,sendbyts:1280
2019-07-20 18:49:27,073 DEBUG - 17.708ms,commonrequest:sendRawTransaction:DONE
2019-07-20 18:49:27,093 DEBUG - 19.342ms,make_request:getTransactionReceipt,sendbyts:147
2019-07-20 18:49:27,093 DEBUG - 19.723ms,commonrequest:getTransactionReceipt:DONE
2019-07-20 18:49:27,093 DEBUG - 1364.027ms,sendRawTransactionGetReceipt,DONE
2019-07-20 18:49:27,113 DEBUG - 18.762ms,make_request:getTransactionByHash,sendbyts:146
2019-07-20 18:49:27,113 DEBUG - 19.336ms,commonrequest:getTransactionByHash:DONE
2019-07-20 18:49:35,937 DEBUG - 25.023ms,make_request:getBlockNumber,sendbyts:70
2019-07-20 18:49:35,937 DEBUG - 25.290ms,commonrequest:getBlockNumber:DONE
2019-07-20 18:49:35,958 DEBUG - 13.697ms,make_request:sendRawTransaction,sendbyts:1280
2019-07-20 18:49:35,958 DEBUG - 14.019ms,commonrequest:sendRawTransaction:DONE
2019-07-20 18:49:35,975 DEBUG - 15.912ms,make_request:getTransactionReceipt,sendbyts:147
2019-07-20 18:49:35,975 DEBUG - 16.255ms,commonrequest:getTransactionReceipt:DONE
2019-07-20 18:49:36,989 DEBUG - 12.959ms,make_request:getTransactionReceipt,sendbyts:147
2019-07-20 18:49:36,989 DEBUG - 13.256ms,commonrequest:getTransactionReceipt:DONE
2019-07-20 18:49:36,989 DEBUG - 2302.575ms,sendRawTransactionGetReceipt,DONE
2019-07-20 18:49:37,003 DEBUG - 13.703ms,make_request:getTransactionByHash,sendbyts:146
2019-07-20 18:49:37,004 DEBUG - 13.988ms,commonrequest:getTransactionByHash:DONE
2019-07-20 18:51:43,643 DEBUG - 266.061ms,make_request:getBlockNumber,sendbyts:70
2019-07-20 18:51:43,643 DEBUG - 266.435ms,commonrequest:getBlockNumber:DONE
2019-07-20 18:51:43,984 DEBUG - 326.204ms,make_request:sendRawTransaction,sendbyts:1152
2019-07-20 18:51:43,984 DEBUG - 326.582ms,commonrequest:sendRawTransaction:DONE
2019-07-20 18:51:44,007 DEBUG - 22.245ms,make_request:getTransactionReceipt,sendbyts:147
2019-07-20 18:51:44,007 DEBUG - 22.604ms,commonrequest:getTransactionReceipt:DONE
2019-07-20 18:51:44,007 DEBUG - 1920.201ms,sendRawTransactionGetReceipt,DONE
2019-07-20 18:51:44,030 DEBUG - 22.437ms,make_request:getTransactionByHash,sendbyts:146
2019-07-20 18:51:44,031 DEBUG - 22.792ms,commonrequest:getTransactionByHash:DONE
2019-07-20 18:52:13,605 DEBUG - 24.502ms,make_request:getBlockNumber,sendbyts:70
2019-07-20 18:52:13,605 DEBUG - 24.749ms,commonrequest:getBlockNumber:DONE
2019-07-20 18:52:13,626 DEBUG - 13.730ms,make_request:sendRawTransaction,sendbyts:1152
2019-07-20 18:52:13,626 DEBUG - 13.938ms,commonrequest:sendRawTransaction:DONE
2019-07-20 18:52:13,639 DEBUG - 12.924ms,make_request:getTransactionReceipt,sendbyts:147
2019-07-20 18:52:13,639 DEBUG - 13.102ms,commonrequest:getTransactionReceipt:DONE
2019-07-20 18:52:13,639 DEBUG - 1266.948ms,sendRawTransactionGetReceipt,DONE
2019-07-20 18:52:13,653 DEBUG - 13.161ms,make_request:getTransactionByHash,sendbyts:146
2019-07-20 18:52:13,653 DEBUG - 13.412ms,commonrequest:getTransactionByHash:DONE
